0 info it worked if it ends with ok
1 verbose cli [ '/usr/bin/nodejs', '/usr/bin/npm', 'install', 'fullpage.js' ]
2 info using npm@3.5.2
3 info using node@v4.2.6
4 silly loadCurrentTree Starting
5 silly install loadCurrentTree
6 silly install readLocalPackageData
7 silly fetchPackageMetaData fullpage.js
8 silly fetchNamedPackageData fullpage.js
9 silly mapToRegistry name fullpage.js
10 silly mapToRegistry using default registry
11 silly mapToRegistry registry https://registry.npmjs.org/
12 silly mapToRegistry uri https://registry.npmjs.org/fullpage.js
13 verbose request uri https://registry.npmjs.org/fullpage.js
14 verbose request no auth needed
15 info attempt registry request try #1 at 9:19:05 PM
16 verbose request id 900e50bbd918aea2
17 http request GET https://registry.npmjs.org/fullpage.js
18 http 200 https://registry.npmjs.org/fullpage.js
19 verbose headers { 'content-type': 'application/json; charset=UTF-8',
19 verbose headers   server: 'UploadServer',
19 verbose headers   'cache-control': 'max-age=300',
19 verbose headers   'last-modified': 'Mon, 29 Jan 2018 17:46:34 GMT',
19 verbose headers   etag: '"5a6f5dfa-18eab"',
19 verbose headers   'x-npm-region': 'US-East',
19 verbose headers   'content-encoding': 'gzip',
19 verbose headers   'content-length': '20034',
19 verbose headers   'accept-ranges': 'bytes',
19 verbose headers   date: 'Wed, 21 Feb 2018 02:19:05 GMT',
19 verbose headers   via: '1.1 varnish',
19 verbose headers   age: '0',
19 verbose headers   connection: 'keep-alive',
19 verbose headers   'x-served-by': 'cache-bos8226-BOS',
19 verbose headers   'x-cache': 'MISS',
19 verbose headers   'x-cache-hits': '0',
19 verbose headers   'x-timer': 'S1519179546.662074,VS0,VE147',
19 verbose headers   vary: 'Accept-Encoding, Accept' }
20 silly get cb [ 200,
20 silly get   { 'content-type': 'application/json; charset=UTF-8',
20 silly get     server: 'UploadServer',
20 silly get     'cache-control': 'max-age=300',
20 silly get     'last-modified': 'Mon, 29 Jan 2018 17:46:34 GMT',
20 silly get     etag: '"5a6f5dfa-18eab"',
20 silly get     'x-npm-region': 'US-East',
20 silly get     'content-encoding': 'gzip',
20 silly get     'content-length': '20034',
20 silly get     'accept-ranges': 'bytes',
20 silly get     date: 'Wed, 21 Feb 2018 02:19:05 GMT',
20 silly get     via: '1.1 varnish',
20 silly get     age: '0',
20 silly get     connection: 'keep-alive',
20 silly get     'x-served-by': 'cache-bos8226-BOS',
20 silly get     'x-cache': 'MISS',
20 silly get     'x-cache-hits': '0',
20 silly get     'x-timer': 'S1519179546.662074,VS0,VE147',
20 silly get     vary: 'Accept-Encoding, Accept' } ]
21 verbose get saving fullpage.js to /home/alowverus/.npm/registry.npmjs.org/fullpage.js/.cache.json
22 verbose makeDirectory /home/alowverus/.npm creation not in flight; initializing
23 silly makeDirectory /home/alowverus/.npm uid: 1000 gid: 1000
24 silly install normalizeTree
25 silly loadCurrentTree Finishing
26 silly loadIdealTree Starting
27 silly install loadIdealTree
28 silly cloneCurrentTree Starting
29 silly install cloneCurrentTreeToIdealTree
30 silly cloneCurrentTree Finishing
31 silly loadShrinkwrap Starting
32 silly install loadShrinkwrap
33 silly loadShrinkwrap Finishing
34 silly loadAllDepsIntoIdealTree Starting
35 silly install loadAllDepsIntoIdealTree
36 silly rollbackFailedOptional Starting
37 silly rollbackFailedOptional Finishing
38 silly runTopLevelLifecycles Starting
39 silly runTopLevelLifecycles Finishing
40 silly install printInstalled
41 verbose stack Error: Refusing to install fullpage.js as a dependency of itself
41 verbose stack     at checkSelf (/usr/share/npm/lib/install/validate-args.js:40:14)
41 verbose stack     at Array.<anonymous> (/usr/share/npm/node_modules/slide/lib/bind-actor.js:15:8)
41 verbose stack     at LOOP (/usr/share/npm/node_modules/slide/lib/chain.js:15:14)
41 verbose stack     at chain (/usr/share/npm/node_modules/slide/lib/chain.js:20:5)
41 verbose stack     at /usr/share/npm/lib/install/validate-args.js:15:5
41 verbose stack     at /usr/share/npm/node_modules/slide/lib/async-map.js:52:35
41 verbose stack     at Array.forEach (native)
41 verbose stack     at /usr/share/npm/node_modules/slide/lib/async-map.js:52:11
41 verbose stack     at Array.forEach (native)
41 verbose stack     at asyncMap (/usr/share/npm/node_modules/slide/lib/async-map.js:51:8)
42 verbose cwd /home/alowverus/PycharmProjects/MakeRoots/fullPage.js-master
43 error Linux 4.13.0-32-generic
44 error argv "/usr/bin/nodejs" "/usr/bin/npm" "install" "fullpage.js"
45 error node v4.2.6
46 error npm  v3.5.2
47 error code ENOSELF
48 error Refusing to install fullpage.js as a dependency of itself
49 error If you need help, you may report this error at:
49 error     <https://github.com/npm/npm/issues>
50 verbose exit [ 1, true ]
